✓ Created objects.
├── 🔨 Created mount PythonPackage:models.internlm
├── 🔨 Created mount PythonPackage:utils
├── 🔨 Created mount PythonPackage:models
├── 🔨 Created mount PythonPackage:documents
├── 🔨 Created download_model_to_folder.
└── 🔨 Created ModalModel.generate.
✓ App deployed! 🎉

View Deployment: https://modal.com/apps/edmilsonsantana/internlm
2024-05-16 10:12:05,892 - root - INFO - Processing 133 requests
2024-05-16 10:12:05,892 - prompts - INFO - Starting 'topics' prompt template
2024-05-16 10:12:05,892 - prompts - INFO - Processing 100 / 133
2024-05-16 10:13:06,257 - prompts - INFO - Retrying (1/10) 8 request(s)
2024-05-16 10:13:09,954 - prompts - INFO - Processing 133 / 133
2024-05-16 10:13:15,929 - prompts - INFO - Retrying (1/10) 8 request(s)
2024-05-16 10:13:19,414 - prompts - INFO - Retrying (2/10) 1 request(s)
2024-05-16 10:13:21,648 - prompts - INFO - Retrying (3/10) 1 request(s)
2024-05-16 10:13:23,516 - prompts - INFO - Finished 'topics' prompt template
2024-05-16 10:13:23,517 - prompts - INFO - Calling next handler
2024-05-16 10:13:23,517 - prompts - INFO - Starting 'topics_validation' prompt template
2024-05-16 10:13:23,517 - prompts - INFO - Processing 100 / 684
2024-05-16 10:13:40,011 - prompts - INFO - Processing 200 / 684
2024-05-16 10:14:04,606 - prompts - INFO - Retrying (1/10) 1 request(s)
2024-05-16 10:14:07,398 - prompts - INFO - Processing 300 / 684
2024-05-16 10:14:25,970 - prompts - INFO - Processing 400 / 684
2024-05-16 10:14:42,350 - prompts - INFO - Processing 500 / 684
2024-05-16 10:14:56,710 - prompts - INFO - Retrying (1/10) 1 request(s)
2024-05-16 10:14:58,913 - prompts - INFO - Processing 600 / 684
2024-05-16 10:15:13,394 - prompts - INFO - Processing 684 / 684
2024-05-16 10:15:24,520 - prompts - INFO - Finished 'topics_validation' prompt template
2024-05-16 10:15:24,535 - prompts - INFO - Calling next handler
2024-05-16 10:15:24,535 - prompts - INFO - Starting 'questions' prompt template
2024-05-16 10:15:24,535 - prompts - INFO - Processing 100 / 671
2024-05-16 10:16:25,439 - prompts - INFO - Retrying (1/10) 3 request(s)
2024-05-16 10:16:35,377 - prompts - INFO - Retrying (2/10) 1 request(s)
2024-05-16 10:16:42,752 - prompts - INFO - Processing 200 / 671
2024-05-16 10:17:49,022 - prompts - INFO - Retrying (1/10) 6 request(s)
2024-05-16 10:18:06,312 - prompts - INFO - Processing 300 / 671
2024-05-16 10:18:51,340 - prompts - INFO - Retrying (1/10) 8 request(s)
2024-05-16 10:19:09,403 - prompts - INFO - Retrying (2/10) 4 request(s)
2024-05-16 10:19:26,448 - prompts - INFO - Processing 400 / 671
2024-05-16 10:20:22,220 - prompts - INFO - Retrying (1/10) 3 request(s)
2024-05-16 10:20:31,449 - prompts - INFO - Processing 500 / 671
2024-05-16 10:21:08,541 - prompts - INFO - Retrying (1/10) 5 request(s)
2024-05-16 10:21:22,714 - prompts - INFO - Retrying (2/10) 3 request(s)
2024-05-16 10:21:31,166 - prompts - INFO - Retrying (3/10) 2 request(s)
2024-05-16 10:21:41,329 - prompts - INFO - Retrying (4/10) 1 request(s)
2024-05-16 10:21:48,593 - prompts - INFO - Processing 600 / 671
2024-05-16 10:22:20,998 - prompts - INFO - Retrying (1/10) 2 request(s)
2024-05-16 10:22:34,248 - prompts - INFO - Processing 671 / 671
2024-05-16 10:23:00,806 - prompts - INFO - Finished 'questions' prompt template
2024-05-16 10:23:00,807 - prompts - INFO - Calling next handler
2024-05-16 10:23:00,807 - prompts - INFO - Starting 'question_answer_variations' prompt template
2024-05-16 10:23:00,807 - prompts - INFO - Processing 100 / 2917
2024-05-16 10:23:50,178 - prompts - INFO - Retrying (1/10) 1 request(s)
2024-05-16 10:23:57,255 - prompts - INFO - Processing 200 / 2917
2024-05-16 10:24:43,544 - prompts - INFO - Processing 300 / 2917
2024-05-16 10:25:44,276 - prompts - INFO - Retrying (1/10) 1 request(s)
2024-05-16 10:26:00,605 - prompts - INFO - Processing 400 / 2917
2024-05-16 10:26:48,519 - prompts - INFO - Processing 500 / 2917
2024-05-16 10:27:48,541 - prompts - INFO - Retrying (1/10) 1 request(s)
2024-05-16 10:28:00,719 - prompts - INFO - Processing 600 / 2917
2024-05-16 10:28:55,161 - prompts - INFO - Retrying (1/10) 2 request(s)
2024-05-16 10:29:00,905 - prompts - INFO - Processing 700 / 2917
2024-05-16 10:29:52,718 - prompts - INFO - Retrying (1/10) 1 request(s)
2024-05-16 10:30:01,730 - prompts - INFO - Processing 800 / 2917
2024-05-16 10:30:47,371 - prompts - INFO - Processing 900 / 2917
2024-05-16 10:31:49,604 - prompts - INFO - Retrying (1/10) 1 request(s)
2024-05-16 10:32:06,895 - prompts - INFO - Processing 1000 / 2917
2024-05-16 10:33:20,326 - prompts - INFO - Retrying (1/10) 1 request(s)
2024-05-16 10:33:32,984 - prompts - INFO - Processing 1100 / 2917
2024-05-16 10:34:47,139 - prompts - INFO - Retrying (1/10) 2 request(s)
2024-05-16 10:34:58,317 - prompts - INFO - Processing 1200 / 2917
2024-05-16 10:36:12,815 - prompts - INFO - Retrying (1/10) 2 request(s)
2024-05-16 10:36:45,143 - prompts - INFO - Retrying (2/10) 1 request(s)
2024-05-16 10:36:49,165 - prompts - INFO - Processing 1300 / 2917
2024-05-16 10:37:44,004 - prompts - INFO - Retrying (1/10) 4 request(s)
2024-05-16 10:37:59,261 - prompts - INFO - Retrying (2/10) 1 request(s)
2024-05-16 10:38:06,870 - prompts - INFO - Processing 1400 / 2917
2024-05-16 10:39:17,174 - prompts - INFO - Retrying (1/10) 2 request(s)
2024-05-16 10:39:27,275 - prompts - INFO - Processing 1500 / 2917
2024-05-16 10:40:21,809 - prompts - INFO - Retrying (1/10) 1 request(s)
2024-05-16 10:40:31,102 - prompts - INFO - Processing 1600 / 2917
2024-05-16 10:41:39,171 - prompts - INFO - Retrying (1/10) 3 request(s)
2024-05-16 10:41:48,984 - prompts - INFO - Processing 1700 / 2917
2024-05-16 10:42:44,558 - prompts - INFO - Processing 1800 / 2917
2024-05-16 10:43:17,887 - prompts - INFO - Retrying (1/10) 2 request(s)
2024-05-16 10:43:27,198 - prompts - INFO - Processing 1900 / 2917
2024-05-16 10:44:13,965 - prompts - INFO - Processing 2000 / 2917
2024-05-16 10:44:58,069 - prompts - INFO - Processing 2100 / 2917
2024-05-16 10:45:39,429 - prompts - INFO - Retrying (1/10) 3 request(s)
2024-05-16 10:45:51,496 - prompts - INFO - Processing 2200 / 2917
2024-05-16 10:46:38,018 - prompts - INFO - Processing 2300 / 2917
2024-05-16 10:47:25,496 - prompts - INFO - Retrying (1/10) 1 request(s)
2024-05-16 10:47:31,071 - prompts - INFO - Processing 2400 / 2917
2024-05-16 10:48:17,200 - prompts - INFO - Processing 2500 / 2917
2024-05-16 10:48:53,352 - prompts - INFO - Retrying (1/10) 1 request(s)
2024-05-16 10:49:01,782 - prompts - INFO - Processing 2600 / 2917
2024-05-16 10:49:58,199 - prompts - INFO - Retrying (1/10) 1 request(s)
2024-05-16 10:50:05,611 - prompts - INFO - Processing 2700 / 2917
2024-05-16 10:50:46,055 - prompts - INFO - Retrying (1/10) 2 request(s)
2024-05-16 10:50:55,016 - prompts - INFO - Processing 2800 / 2917
2024-05-16 10:51:38,479 - prompts - INFO - Processing 2900 / 2917
2024-05-16 10:52:16,946 - prompts - INFO - Processing 2917 / 2917
2024-05-16 10:52:33,214 - prompts - INFO - Finished 'question_answer_variations' prompt template
2024-05-16 10:52:33,214 - prompts - INFO - Calling next handler
2024-05-16 10:52:33,214 - prompts - INFO - Starting 'questions_validation' prompt template
2024-05-16 10:52:33,214 - prompts - INFO - Processing 100 / 17474
2024-05-16 10:52:59,250 - prompts - INFO - Processing 200 / 17474
2024-05-16 10:53:23,893 - prompts - INFO - Retrying (1/10) 1 request(s)
2024-05-16 10:53:27,076 - prompts - INFO - Processing 300 / 17474
2024-05-16 10:53:43,051 - prompts - INFO - Retrying (1/10) 2 request(s)
2024-05-16 10:53:46,489 - prompts - INFO - Processing 400 / 17474
2024-05-16 10:54:09,867 - prompts - INFO - Processing 500 / 17474
2024-05-16 10:54:37,234 - prompts - INFO - Retrying (1/10) 1 request(s)
2024-05-16 10:54:40,440 - prompts - INFO - Processing 600 / 17474
2024-05-16 10:55:07,645 - prompts - INFO - Processing 700 / 17474
2024-05-16 10:55:29,965 - prompts - INFO - Retrying (1/10) 2 request(s)
2024-05-16 10:55:34,288 - prompts - INFO - Processing 800 / 17474
2024-05-16 10:55:53,844 - prompts - INFO - Processing 900 / 17474
2024-05-16 10:56:14,699 - prompts - INFO - Retrying (1/10) 1 request(s)
2024-05-16 10:56:17,446 - prompts - INFO - Processing 1000 / 17474
2024-05-16 10:56:36,443 - prompts - INFO - Processing 1100 / 17474
2024-05-16 10:56:56,896 - prompts - INFO - Processing 1200 / 17474
2024-05-16 10:57:17,263 - prompts - INFO - Processing 1300 / 17474
2024-05-16 10:57:41,494 - prompts - INFO - Processing 1400 / 17474
2024-05-16 10:58:09,839 - prompts - INFO - Retrying (1/10) 2 request(s)
2024-05-16 10:58:14,509 - prompts - INFO - Processing 1500 / 17474
2024-05-16 10:58:40,664 - prompts - INFO - Processing 1600 / 17474
2024-05-16 10:59:04,539 - prompts - INFO - Processing 1700 / 17474
2024-05-16 10:59:29,481 - prompts - INFO - Retrying (1/10) 1 request(s)
2024-05-16 10:59:33,099 - prompts - INFO - Processing 1800 / 17474
2024-05-16 10:59:55,183 - prompts - INFO - Processing 1900 / 17474
2024-05-16 11:00:13,096 - prompts - INFO - Processing 2000 / 17474
2024-05-16 11:00:30,129 - prompts - INFO - Processing 2100 / 17474
2024-05-16 11:00:51,967 - prompts - INFO - Processing 2200 / 17474
2024-05-16 11:01:16,366 - prompts - INFO - Processing 2300 / 17474
2024-05-16 11:01:35,670 - prompts - INFO - Retrying (1/10) 2 request(s)
2024-05-16 11:01:39,091 - prompts - INFO - Processing 2400 / 17474
2024-05-16 11:01:59,083 - prompts - INFO - Retrying (1/10) 1 request(s)
2024-05-16 11:02:02,363 - prompts - INFO - Processing 2500 / 17474
2024-05-16 11:02:28,441 - prompts - INFO - Processing 2600 / 17474
2024-05-16 11:02:48,927 - prompts - INFO - Retrying (1/10) 1 request(s)
2024-05-16 11:02:53,094 - prompts - INFO - Processing 2700 / 17474
2024-05-16 11:03:12,133 - prompts - INFO - Processing 2800 / 17474
2024-05-16 11:05:32,969 - prompts - INFO - Processing 2900 / 17474
2024-05-16 11:06:26,579 - prompts - INFO - Processing 3000 / 17474
2024-05-16 11:06:48,557 - prompts - INFO - Processing 3100 / 17474
2024-05-16 11:07:05,949 - prompts - INFO - Retrying (1/10) 1 request(s)
2024-05-16 11:07:08,784 - prompts - INFO - Processing 3200 / 17474
2024-05-16 11:07:24,365 - prompts - INFO - Processing 3300 / 17474
2024-05-16 11:07:41,193 - prompts - INFO - Retrying (1/10) 1 request(s)
2024-05-16 11:07:43,613 - prompts - INFO - Processing 3400 / 17474
2024-05-16 11:08:06,242 - prompts - INFO - Retrying (1/10) 1 request(s)
2024-05-16 11:08:09,336 - prompts - INFO - Processing 3500 / 17474
2024-05-16 11:08:40,369 - prompts - INFO - Processing 3600 / 17474
2024-05-16 11:09:09,358 - prompts - INFO - Retrying (1/10) 2 request(s)
2024-05-16 11:09:12,962 - prompts - INFO - Processing 3700 / 17474
2024-05-16 11:09:37,315 - prompts - INFO - Processing 3800 / 17474
2024-05-16 11:09:57,002 - prompts - INFO - Processing 3900 / 17474
2024-05-16 11:10:20,617 - prompts - INFO - Retrying (1/10) 1 request(s)
2024-05-16 11:10:23,575 - prompts - INFO - Processing 4000 / 17474
2024-05-16 11:10:47,583 - prompts - INFO - Processing 4100 / 17474
2024-05-16 11:11:08,561 - prompts - INFO - Retrying (1/10) 1 request(s)
2024-05-16 11:11:11,259 - prompts - INFO - Processing 4200 / 17474
2024-05-16 11:11:28,601 - prompts - INFO - Processing 4300 / 17474
2024-05-16 11:12:13,369 - prompts - INFO - Retrying (1/10) 2 request(s)
2024-05-16 11:12:18,023 - prompts - INFO - Processing 4400 / 17474
2024-05-16 11:12:37,207 - prompts - INFO - Processing 4500 / 17474
2024-05-16 11:13:02,462 - prompts - INFO - Processing 4600 / 17474
2024-05-16 11:13:29,527 - prompts - INFO - Processing 4700 / 17474
2024-05-16 11:13:56,708 - prompts - INFO - Processing 4800 / 17474
2024-05-16 11:14:19,100 - prompts - INFO - Processing 4900 / 17474
2024-05-16 11:15:13,251 - prompts - INFO - Retrying (1/10) 1 request(s)
2024-05-16 11:15:18,114 - prompts - INFO - Processing 5000 / 17474
2024-05-16 11:15:59,509 - prompts - INFO - Processing 5100 / 17474
2024-05-16 11:16:22,585 - prompts - INFO - Processing 5200 / 17474
2024-05-16 11:16:46,871 - prompts - INFO - Retrying (1/10) 1 request(s)
2024-05-16 11:16:50,497 - prompts - INFO - Processing 5300 / 17474
2024-05-16 11:17:09,432 - prompts - INFO - Processing 5400 / 17474
2024-05-16 11:17:26,154 - prompts - INFO - Processing 5500 / 17474
2024-05-16 11:17:48,580 - prompts - INFO - Processing 5600 / 17474
2024-05-16 11:18:12,226 - prompts - INFO - Processing 5700 / 17474
2024-05-16 11:18:33,311 - prompts - INFO - Retrying (1/10) 1 request(s)
2024-05-16 11:18:36,261 - prompts - INFO - Processing 5800 / 17474
2024-05-16 11:18:57,461 - prompts - INFO - Processing 5900 / 17474
2024-05-16 11:19:37,753 - prompts - INFO - Processing 6000 / 17474
2024-05-16 11:20:03,445 - prompts - INFO - Processing 6100 / 17474
2024-05-16 11:20:30,112 - prompts - INFO - Processing 6200 / 17474
2024-05-16 11:20:49,698 - prompts - INFO - Processing 6300 / 17474
2024-05-16 11:21:14,107 - prompts - INFO - Processing 6400 / 17474
2024-05-16 11:21:40,647 - prompts - INFO - Processing 6500 / 17474
2024-05-16 11:22:08,491 - prompts - INFO - Processing 6600 / 17474
2024-05-16 11:22:34,592 - prompts - INFO - Retrying (1/10) 1 request(s)
2024-05-16 11:22:39,728 - prompts - INFO - Processing 6700 / 17474
2024-05-16 11:23:00,686 - prompts - INFO - Retrying (1/10) 1 request(s)
2024-05-16 11:23:04,834 - prompts - INFO - Processing 6800 / 17474
2024-05-16 11:23:25,891 - prompts - INFO - Processing 6900 / 17474
2024-05-16 11:23:48,278 - prompts - INFO - Processing 7000 / 17474
2024-05-16 11:24:16,739 - prompts - INFO - Processing 7100 / 17474
2024-05-16 11:24:46,883 - prompts - INFO - Processing 7200 / 17474
2024-05-16 11:25:13,820 - prompts - INFO - Retrying (1/10) 1 request(s)
2024-05-16 11:25:16,935 - prompts - INFO - Processing 7300 / 17474
2024-05-16 11:25:32,190 - prompts - INFO - Retrying (1/10) 3 request(s)
2024-05-16 11:25:36,216 - prompts - INFO - Processing 7400 / 17474
2024-05-16 11:25:50,931 - prompts - INFO - Processing 7500 / 17474
2024-05-16 11:26:05,172 - prompts - INFO - Processing 7600 / 17474
2024-05-16 11:26:19,825 - prompts - INFO - Processing 7700 / 17474
2024-05-16 11:26:37,137 - prompts - INFO - Processing 7800 / 17474
2024-05-16 11:26:59,841 - prompts - INFO - Retrying (1/10) 2 request(s)
2024-05-16 11:27:02,648 - prompts - INFO - Processing 7900 / 17474
2024-05-16 11:27:30,269 - prompts - INFO - Retrying (1/10) 1 request(s)
2024-05-16 11:27:33,497 - prompts - INFO - Processing 8000 / 17474
2024-05-16 11:28:01,181 - prompts - INFO - Processing 8100 / 17474
2024-05-16 11:28:27,398 - prompts - INFO - Processing 8200 / 17474
2024-05-16 11:28:44,688 - prompts - INFO - Processing 8300 / 17474
2024-05-16 11:29:06,715 - prompts - INFO - Retrying (1/10) 2 request(s)
2024-05-16 11:29:09,914 - prompts - INFO - Processing 8400 / 17474
2024-05-16 11:29:37,660 - prompts - INFO - Processing 8500 / 17474
2024-05-16 11:30:06,323 - prompts - INFO - Processing 8600 / 17474
2024-05-16 11:30:25,071 - prompts - INFO - Retrying (1/10) 1 request(s)
2024-05-16 11:30:29,125 - prompts - INFO - Processing 8700 / 17474
2024-05-16 11:30:46,710 - prompts - INFO - Processing 8800 / 17474
2024-05-16 11:31:06,748 - prompts - INFO - Retrying (1/10) 1 request(s)
2024-05-16 11:31:10,013 - prompts - INFO - Processing 8900 / 17474
2024-05-16 11:31:27,641 - prompts - INFO - Processing 9000 / 17474
2024-05-16 11:31:44,493 - prompts - INFO - Processing 9100 / 17474
2024-05-16 11:32:03,799 - prompts - INFO - Processing 9200 / 17474
2024-05-16 11:32:25,343 - prompts - INFO - Processing 9300 / 17474
2024-05-16 11:32:42,844 - prompts - INFO - Retrying (1/10) 1 request(s)
2024-05-16 11:32:45,952 - prompts - INFO - Retrying (2/10) 1 request(s)
2024-05-16 11:32:48,664 - prompts - INFO - Processing 9400 / 17474
2024-05-16 11:33:21,961 - prompts - INFO - Processing 9500 / 17474
2024-05-16 11:33:53,524 - prompts - INFO - Retrying (1/10) 2 request(s)
2024-05-16 11:33:56,830 - prompts - INFO - Processing 9600 / 17474
2024-05-16 11:34:17,972 - prompts - INFO - Processing 9700 / 17474
2024-05-16 11:34:40,340 - prompts - INFO - Retrying (1/10) 2 request(s)
2024-05-16 11:34:43,985 - prompts - INFO - Processing 9800 / 17474
2024-05-16 11:35:08,259 - prompts - INFO - Processing 9900 / 17474
2024-05-16 11:35:29,151 - prompts - INFO - Processing 10000 / 17474
2024-05-16 11:35:48,776 - prompts - INFO - Processing 10100 / 17474
2024-05-16 11:36:06,125 - prompts - INFO - Processing 10200 / 17474
2024-05-16 11:36:20,942 - prompts - INFO - Processing 10300 / 17474
2024-05-16 11:36:33,772 - prompts - INFO - Processing 10400 / 17474
2024-05-16 11:36:52,800 - prompts - INFO - Retrying (1/10) 2 request(s)
2024-05-16 11:36:57,499 - prompts - INFO - Processing 10500 / 17474
2024-05-16 11:37:17,225 - prompts - INFO - Processing 10600 / 17474
2024-05-16 11:37:36,928 - prompts - INFO - Retrying (1/10) 1 request(s)
2024-05-16 11:37:40,028 - prompts - INFO - Processing 10700 / 17474
2024-05-16 11:37:58,509 - prompts - INFO - Retrying (1/10) 1 request(s)
2024-05-16 11:38:01,461 - prompts - INFO - Processing 10800 / 17474
2024-05-16 11:38:18,149 - prompts - INFO - Retrying (1/10) 1 request(s)
2024-05-16 11:38:20,944 - prompts - INFO - Processing 10900 / 17474
2024-05-16 11:38:38,456 - prompts - INFO - Retrying (1/10) 1 request(s)
2024-05-16 11:38:41,730 - prompts - INFO - Processing 11000 / 17474
2024-05-16 11:39:04,153 - prompts - INFO - Retrying (1/10) 1 request(s)
2024-05-16 11:39:06,647 - prompts - INFO - Processing 11100 / 17474
2024-05-16 11:39:30,720 - prompts - INFO - Processing 11200 / 17474
2024-05-16 11:39:55,545 - prompts - INFO - Retrying (1/10) 2 request(s)
2024-05-16 11:39:58,689 - prompts - INFO - Processing 11300 / 17474
2024-05-16 11:40:18,507 - prompts - INFO - Processing 11400 / 17474
2024-05-16 11:40:36,771 - prompts - INFO - Retrying (1/10) 1 request(s)
2024-05-16 11:40:39,828 - prompts - INFO - Processing 11500 / 17474
2024-05-16 11:40:59,510 - prompts - INFO - Processing 11600 / 17474
2024-05-16 11:41:19,357 - prompts - INFO - Processing 11700 / 17474
2024-05-16 11:41:37,467 - prompts - INFO - Processing 11800 / 17474
2024-05-16 11:41:53,268 - prompts - INFO - Retrying (1/10) 1 request(s)
2024-05-16 11:41:55,805 - prompts - INFO - Processing 11900 / 17474
2024-05-16 11:42:11,904 - prompts - INFO - Processing 12000 / 17474
2024-05-16 11:42:27,899 - prompts - INFO - Retrying (1/10) 1 request(s)
2024-05-16 11:42:31,239 - prompts - INFO - Processing 12100 / 17474
2024-05-16 11:42:44,303 - prompts - INFO - Processing 12200 / 17474
2024-05-16 11:42:58,003 - prompts - INFO - Retrying (1/10) 1 request(s)
2024-05-16 11:43:00,811 - prompts - INFO - Processing 12300 / 17474
2024-05-16 11:43:14,667 - prompts - INFO - Processing 12400 / 17474
2024-05-16 11:43:33,061 - prompts - INFO - Retrying (1/10) 1 request(s)
2024-05-16 11:43:36,959 - prompts - INFO - Processing 12500 / 17474
2024-05-16 11:43:53,105 - prompts - INFO - Processing 12600 / 17474
2024-05-16 11:44:13,392 - prompts - INFO - Retrying (1/10) 1 request(s)
2024-05-16 11:44:16,124 - prompts - INFO - Retrying (2/10) 1 request(s)
2024-05-16 11:44:19,005 - prompts - INFO - Retrying (3/10) 1 request(s)
2024-05-16 11:44:22,642 - prompts - INFO - Processing 12700 / 17474
2024-05-16 11:44:45,021 - prompts - INFO - Retrying (1/10) 1 request(s)
2024-05-16 11:44:49,049 - prompts - INFO - Processing 12800 / 17474
2024-05-16 11:45:06,629 - prompts - INFO - Processing 12900 / 17474
2024-05-16 11:45:22,139 - prompts - INFO - Retrying (1/10) 1 request(s)
2024-05-16 11:45:24,997 - prompts - INFO - Processing 13000 / 17474
2024-05-16 11:45:42,476 - prompts - INFO - Processing 13100 / 17474
2024-05-16 11:45:59,622 - prompts - INFO - Processing 13200 / 17474
2024-05-16 11:46:21,009 - prompts - INFO - Processing 13300 / 17474
2024-05-16 11:46:45,247 - prompts - INFO - Processing 13400 / 17474
2024-05-16 11:47:12,923 - prompts - INFO - Processing 13500 / 17474
2024-05-16 11:47:38,078 - prompts - INFO - Processing 13600 / 17474
2024-05-16 11:48:05,814 - prompts - INFO - Retrying (1/10) 2 request(s)
2024-05-16 11:48:10,411 - prompts - INFO - Processing 13700 / 17474
2024-05-16 11:48:26,977 - prompts - INFO - Retrying (1/10) 1 request(s)
2024-05-16 11:48:29,316 - prompts - INFO - Processing 13800 / 17474
2024-05-16 11:48:47,662 - prompts - INFO - Retrying (1/10) 1 request(s)
2024-05-16 11:48:50,812 - prompts - INFO - Processing 13900 / 17474
2024-05-16 11:49:12,167 - prompts - INFO - Processing 14000 / 17474
2024-05-16 11:49:37,725 - prompts - INFO - Processing 14100 / 17474
2024-05-16 11:49:54,833 - prompts - INFO - Processing 14200 / 17474
2024-05-16 11:50:10,361 - prompts - INFO - Processing 14300 / 17474
2024-05-16 11:50:25,617 - prompts - INFO - Processing 14400 / 17474
2024-05-16 11:50:41,205 - prompts - INFO - Processing 14500 / 17474
2024-05-16 11:50:57,694 - prompts - INFO - Retrying (1/10) 1 request(s)
2024-05-16 11:51:00,858 - prompts - INFO - Processing 14600 / 17474
2024-05-16 11:51:15,808 - prompts - INFO - Retrying (1/10) 1 request(s)
2024-05-16 11:51:18,945 - prompts - INFO - Processing 14700 / 17474
2024-05-16 11:51:37,987 - prompts - INFO - Retrying (1/10) 2 request(s)
2024-05-16 11:51:41,783 - prompts - INFO - Retrying (2/10) 1 request(s)
2024-05-16 11:51:44,498 - prompts - INFO - Processing 14800 / 17474
2024-05-16 11:52:03,135 - prompts - INFO - Retrying (1/10) 1 request(s)
2024-05-16 11:52:05,840 - prompts - INFO - Processing 14900 / 17474
2024-05-16 11:52:25,472 - prompts - INFO - Processing 15000 / 17474
2024-05-16 11:52:44,491 - prompts - INFO - Processing 15100 / 17474
2024-05-16 11:53:02,604 - prompts - INFO - Retrying (1/10) 2 request(s)
2024-05-16 11:53:05,858 - prompts - INFO - Processing 15200 / 17474
2024-05-16 11:53:21,499 - prompts - INFO - Retrying (1/10) 1 request(s)
2024-05-16 11:53:25,184 - prompts - INFO - Processing 15300 / 17474
2024-05-16 11:53:41,452 - prompts - INFO - Retrying (1/10) 1 request(s)
2024-05-16 11:53:44,106 - prompts - INFO - Processing 15400 / 17474
2024-05-16 11:54:00,755 - prompts - INFO - Retrying (1/10) 1 request(s)
2024-05-16 11:54:04,747 - prompts - INFO - Processing 15500 / 17474
2024-05-16 11:54:21,794 - prompts - INFO - Processing 15600 / 17474
2024-05-16 11:54:39,510 - prompts - INFO - Retrying (1/10) 1 request(s)
2024-05-16 11:54:42,379 - prompts - INFO - Processing 15700 / 17474
2024-05-16 11:54:57,767 - prompts - INFO - Processing 15800 / 17474
2024-05-16 11:55:12,456 - prompts - INFO - Processing 15900 / 17474
2024-05-16 11:55:27,976 - prompts - INFO - Processing 16000 / 17474
2024-05-16 11:55:42,749 - prompts - INFO - Processing 16100 / 17474
2024-05-16 11:56:00,170 - prompts - INFO - Processing 16200 / 17474
2024-05-16 11:56:16,234 - prompts - INFO - Retrying (1/10) 1 request(s)
2024-05-16 11:56:19,491 - prompts - INFO - Processing 16300 / 17474
2024-05-16 11:56:37,241 - prompts - INFO - Processing 16400 / 17474
2024-05-16 11:56:57,963 - prompts - INFO - Processing 16500 / 17474
2024-05-16 11:57:17,261 - prompts - INFO - Processing 16600 / 17474
2024-05-16 11:57:35,252 - prompts - INFO - Processing 16700 / 17474
2024-05-16 11:57:51,531 - prompts - INFO - Retrying (1/10) 1 request(s)
2024-05-16 11:57:54,449 - prompts - INFO - Processing 16800 / 17474
2024-05-16 11:58:13,923 - prompts - INFO - Processing 16900 / 17474
2024-05-16 11:58:30,764 - prompts - INFO - Processing 17000 / 17474
2024-05-16 11:58:46,236 - prompts - INFO - Processing 17100 / 17474
2024-05-16 11:59:00,061 - prompts - INFO - Processing 17200 / 17474
2024-05-16 11:59:16,197 - prompts - INFO - Processing 17300 / 17474
2024-05-16 11:59:35,638 - prompts - INFO - Retrying (1/10) 1 request(s)
2024-05-16 11:59:38,938 - prompts - INFO - Processing 17400 / 17474
2024-05-16 11:59:55,791 - prompts - INFO - Processing 17474 / 17474
2024-05-16 12:00:09,474 - prompts - INFO - Finished 'questions_validation' prompt template
2024-05-16 12:00:09,868 - prompts - INFO - Calling next handler
2024-05-16 12:00:09,868 - prompts - INFO - Starting 'answers_validation' prompt template
2024-05-16 12:00:09,868 - prompts - INFO - Processing 100 / 17056
2024-05-16 12:00:39,230 - prompts - INFO - Processing 200 / 17056
2024-05-16 12:01:06,221 - prompts - INFO - Processing 300 / 17056
2024-05-16 12:01:25,883 - prompts - INFO - Processing 400 / 17056
2024-05-16 12:01:53,601 - prompts - INFO - Processing 500 / 17056
2024-05-16 12:02:25,090 - prompts - INFO - Processing 600 / 17056
2024-05-16 12:02:54,800 - prompts - INFO - Retrying (1/10) 1 request(s)
2024-05-16 12:02:57,503 - prompts - INFO - Processing 700 / 17056
2024-05-16 12:03:24,247 - prompts - INFO - Retrying (1/10) 3 request(s)
2024-05-16 12:03:28,119 - prompts - INFO - Processing 800 / 17056
2024-05-16 12:03:51,449 - prompts - INFO - Processing 900 / 17056
2024-05-16 12:04:15,841 - prompts - INFO - Processing 1000 / 17056
2024-05-16 12:04:39,162 - prompts - INFO - Retrying (1/10) 2 request(s)
2024-05-16 12:04:44,450 - prompts - INFO - Processing 1100 / 17056
2024-05-16 12:05:09,101 - prompts - INFO - Processing 1200 / 17056
2024-05-16 12:05:33,710 - prompts - INFO - Processing 1300 / 17056
2024-05-16 12:06:06,821 - prompts - INFO - Processing 1400 / 17056
2024-05-16 12:06:46,430 - prompts - INFO - Processing 1500 / 17056
2024-05-16 12:07:15,471 - prompts - INFO - Processing 1600 / 17056
2024-05-16 12:07:44,361 - prompts - INFO - Processing 1700 / 17056
2024-05-16 12:08:14,220 - prompts - INFO - Processing 1800 / 17056
2024-05-16 12:08:38,576 - prompts - INFO - Processing 1900 / 17056
2024-05-16 12:09:00,759 - prompts - INFO - Processing 2000 / 17056
2024-05-16 12:09:24,014 - prompts - INFO - Processing 2100 / 17056
2024-05-16 12:09:53,628 - prompts - INFO - Processing 2200 / 17056
2024-05-16 12:10:21,706 - prompts - INFO - Retrying (1/10) 1 request(s)
2024-05-16 12:10:25,304 - prompts - INFO - Processing 2300 / 17056
2024-05-16 12:10:49,803 - prompts - INFO - Processing 2400 / 17056
2024-05-16 12:11:15,776 - prompts - INFO - Processing 2500 / 17056
2024-05-16 12:11:42,905 - prompts - INFO - Retrying (1/10) 1 request(s)
2024-05-16 12:11:46,421 - prompts - INFO - Processing 2600 / 17056
2024-05-16 12:12:10,196 - prompts - INFO - Processing 2700 / 17056
2024-05-16 12:12:34,435 - prompts - INFO - Processing 2800 / 17056
2024-05-16 12:13:00,614 - prompts - INFO - Processing 2900 / 17056
2024-05-16 12:13:31,777 - prompts - INFO - Processing 3000 / 17056
2024-05-16 12:13:56,954 - prompts - INFO - Processing 3100 / 17056
2024-05-16 12:14:17,572 - prompts - INFO - Processing 3200 / 17056
2024-05-16 12:14:38,753 - prompts - INFO - Processing 3300 / 17056
2024-05-16 12:15:03,408 - prompts - INFO - Processing 3400 / 17056
2024-05-16 12:15:32,165 - prompts - INFO - Processing 3500 / 17056
2024-05-16 12:16:02,919 - prompts - INFO - Processing 3600 / 17056
2024-05-16 12:16:29,885 - prompts - INFO - Processing 3700 / 17056
2024-05-16 12:16:55,070 - prompts - INFO - Processing 3800 / 17056
2024-05-16 12:17:21,926 - prompts - INFO - Processing 3900 / 17056
2024-05-16 12:17:49,736 - prompts - INFO - Retrying (1/10) 1 request(s)
2024-05-16 12:17:52,869 - prompts - INFO - Processing 4000 / 17056
2024-05-16 12:18:18,237 - prompts - INFO - Retrying (1/10) 1 request(s)
2024-05-16 12:18:20,472 - prompts - INFO - Processing 4100 / 17056
2024-05-16 12:18:41,403 - prompts - INFO - Processing 4200 / 17056
2024-05-16 12:19:04,875 - prompts - INFO - Processing 4300 / 17056
2024-05-16 12:19:25,800 - prompts - INFO - Processing 4400 / 17056
2024-05-16 12:19:51,252 - prompts - INFO - Processing 4500 / 17056
2024-05-16 12:20:23,161 - prompts - INFO - Processing 4600 / 17056
2024-05-16 12:20:55,425 - prompts - INFO - Retrying (1/10) 1 request(s)
2024-05-16 12:20:58,053 - prompts - INFO - Processing 4700 / 17056
2024-05-16 12:21:26,540 - prompts - INFO - Retrying (1/10) 1 request(s)
2024-05-16 12:21:28,967 - prompts - INFO - Processing 4800 / 17056
2024-05-16 12:22:19,538 - prompts - INFO - Processing 4900 / 17056
2024-05-16 12:23:05,941 - prompts - INFO - Retrying (1/10) 1 request(s)
2024-05-16 12:23:08,627 - prompts - INFO - Processing 5000 / 17056
2024-05-16 12:23:35,657 - prompts - INFO - Processing 5100 / 17056
2024-05-16 12:24:02,756 - prompts - INFO - Processing 5200 / 17056
2024-05-16 12:24:27,021 - prompts - INFO - Retrying (1/10) 1 request(s)
2024-05-16 12:24:31,562 - prompts - INFO - Processing 5300 / 17056
2024-05-16 12:24:53,283 - prompts - INFO - Processing 5400 / 17056
2024-05-16 12:25:18,253 - prompts - INFO - Processing 5500 / 17056
2024-05-16 12:25:46,483 - prompts - INFO - Processing 5600 / 17056
2024-05-16 12:26:11,454 - prompts - INFO - Processing 5700 / 17056
2024-05-16 12:26:36,557 - prompts - INFO - Processing 5800 / 17056
2024-05-16 12:27:29,489 - prompts - INFO - Retrying (1/10) 1 request(s)
2024-05-16 12:27:32,241 - prompts - INFO - Processing 5900 / 17056
2024-05-16 12:28:01,328 - prompts - INFO - Processing 6000 / 17056
2024-05-16 12:28:29,560 - prompts - INFO - Retrying (1/10) 1 request(s)
2024-05-16 12:28:32,621 - prompts - INFO - Processing 6100 / 17056
2024-05-16 12:28:55,718 - prompts - INFO - Processing 6200 / 17056
2024-05-16 12:29:22,698 - prompts - INFO - Processing 6300 / 17056
2024-05-16 12:29:55,005 - prompts - INFO - Processing 6400 / 17056
2024-05-16 12:30:24,396 - prompts - INFO - Processing 6500 / 17056
2024-05-16 12:30:56,420 - prompts - INFO - Processing 6600 / 17056
2024-05-16 12:31:22,453 - prompts - INFO - Processing 6700 / 17056
2024-05-16 12:31:47,757 - prompts - INFO - Processing 6800 / 17056
2024-05-16 12:32:15,831 - prompts - INFO - Processing 6900 / 17056
2024-05-16 12:32:48,499 - prompts - INFO - Processing 7000 / 17056
2024-05-16 12:33:26,313 - prompts - INFO - Processing 7100 / 17056
2024-05-16 12:33:52,357 - prompts - INFO - Retrying (1/10) 1 request(s)
2024-05-16 12:33:56,240 - prompts - INFO - Processing 7200 / 17056
2024-05-16 12:34:15,324 - prompts - INFO - Retrying (1/10) 1 request(s)
2024-05-16 12:34:17,597 - prompts - INFO - Processing 7300 / 17056
2024-05-16 12:34:34,758 - prompts - INFO - Processing 7400 / 17056
2024-05-16 12:34:53,210 - prompts - INFO - Processing 7500 / 17056
2024-05-16 12:35:16,567 - prompts - INFO - Processing 7600 / 17056
2024-05-16 12:35:41,015 - prompts - INFO - Processing 7700 / 17056
2024-05-16 12:36:11,555 - prompts - INFO - Processing 7800 / 17056
2024-05-16 12:36:41,888 - prompts - INFO - Retrying (1/10) 1 request(s)
2024-05-16 12:36:44,848 - prompts - INFO - Processing 7900 / 17056
2024-05-16 12:37:16,235 - prompts - INFO - Processing 8000 / 17056
2024-05-16 12:37:38,161 - prompts - INFO - Retrying (1/10) 1 request(s)
2024-05-16 12:37:40,366 - prompts - INFO - Processing 8100 / 17056
2024-05-16 12:38:05,782 - prompts - INFO - Retrying (1/10) 3 request(s)
2024-05-16 12:38:09,744 - prompts - INFO - Processing 8200 / 17056
2024-05-16 12:38:41,066 - prompts - INFO - Retrying (1/10) 2 request(s)
2024-05-16 12:38:45,267 - prompts - INFO - Processing 8300 / 17056
2024-05-16 12:39:16,461 - prompts - INFO - Processing 8400 / 17056
2024-05-16 12:39:40,619 - prompts - INFO - Processing 8500 / 17056
2024-05-16 12:40:03,185 - prompts - INFO - Processing 8600 / 17056
2024-05-16 12:40:26,352 - prompts - INFO - Processing 8700 / 17056
2024-05-16 12:40:47,518 - prompts - INFO - Processing 8800 / 17056
2024-05-16 12:41:10,292 - prompts - INFO - Retrying (1/10) 1 request(s)
2024-05-16 12:41:13,818 - prompts - INFO - Processing 8900 / 17056
2024-05-16 12:41:37,143 - prompts - INFO - Processing 9000 / 17056
2024-05-16 12:42:00,322 - prompts - INFO - Processing 9100 / 17056
2024-05-16 12:42:27,412 - prompts - INFO - Processing 9200 / 17056
2024-05-16 12:43:04,546 - prompts - INFO - Processing 9300 / 17056
2024-05-16 12:43:35,951 - prompts - INFO - Processing 9400 / 17056
2024-05-16 12:44:02,900 - prompts - INFO - Processing 9500 / 17056
2024-05-16 12:44:29,970 - prompts - INFO - Processing 9600 / 17056
2024-05-16 12:44:56,535 - prompts - INFO - Processing 9700 / 17056
2024-05-16 12:45:20,372 - prompts - INFO - Processing 9800 / 17056
2024-05-16 12:45:44,157 - prompts - INFO - Retrying (1/10) 1 request(s)
2024-05-16 12:45:46,808 - prompts - INFO - Processing 9900 / 17056
2024-05-16 12:46:06,457 - prompts - INFO - Processing 10000 / 17056
2024-05-16 12:46:22,649 - prompts - INFO - Retrying (1/10) 1 request(s)
2024-05-16 12:46:25,256 - prompts - INFO - Processing 10100 / 17056
2024-05-16 12:46:44,663 - prompts - INFO - Processing 10200 / 17056
2024-05-16 12:47:07,097 - prompts - INFO - Retrying (1/10) 3 request(s)
2024-05-16 12:47:13,068 - prompts - INFO - Processing 10300 / 17056
2024-05-16 12:47:38,453 - prompts - INFO - Processing 10400 / 17056
2024-05-16 12:48:01,658 - prompts - INFO - Processing 10500 / 17056
2024-05-16 12:48:23,209 - prompts - INFO - Processing 10600 / 17056
2024-05-16 12:48:44,705 - prompts - INFO - Processing 10700 / 17056
2024-05-16 12:49:11,333 - prompts - INFO - Processing 10800 / 17056
2024-05-16 12:49:37,021 - prompts - INFO - Retrying (1/10) 2 request(s)
2024-05-16 12:49:39,776 - prompts - INFO - Processing 10900 / 17056
2024-05-16 12:50:08,738 - prompts - INFO - Processing 11000 / 17056
2024-05-16 12:50:32,060 - prompts - INFO - Retrying (1/10) 1 request(s)
2024-05-16 12:50:35,460 - prompts - INFO - Processing 11100 / 17056
2024-05-16 12:50:59,116 - prompts - INFO - Processing 11200 / 17056
2024-05-16 12:51:23,691 - prompts - INFO - Processing 11300 / 17056
2024-05-16 12:51:48,353 - prompts - INFO - Processing 11400 / 17056
2024-05-16 12:52:12,348 - prompts - INFO - Processing 11500 / 17056
2024-05-16 12:52:32,108 - prompts - INFO - Retrying (1/10) 1 request(s)
2024-05-16 12:52:35,160 - prompts - INFO - Processing 11600 / 17056
2024-05-16 12:52:55,382 - prompts - INFO - Processing 11700 / 17056
2024-05-16 12:53:15,400 - prompts - INFO - Retrying (1/10) 1 request(s)
2024-05-16 12:53:18,072 - prompts - INFO - Retrying (2/10) 1 request(s)
2024-05-16 12:53:20,385 - prompts - INFO - Processing 11800 / 17056
2024-05-16 12:53:36,497 - prompts - INFO - Processing 11900 / 17056
2024-05-16 12:53:54,033 - prompts - INFO - Processing 12000 / 17056
2024-05-16 12:54:12,795 - prompts - INFO - Processing 12100 / 17056
2024-05-16 12:54:33,925 - prompts - INFO - Processing 12200 / 17056
2024-05-16 12:54:54,912 - prompts - INFO - Processing 12300 / 17056
2024-05-16 12:55:31,838 - prompts - INFO - Retrying (1/10) 1 request(s)
2024-05-16 12:55:35,479 - prompts - INFO - Processing 12400 / 17056
2024-05-16 12:56:00,049 - prompts - INFO - Processing 12500 / 17056
2024-05-16 12:56:19,847 - prompts - INFO - Processing 12600 / 17056
2024-05-16 12:56:39,957 - prompts - INFO - Processing 12700 / 17056
2024-05-16 12:57:03,342 - prompts - INFO - Processing 12800 / 17056
2024-05-16 12:57:25,499 - prompts - INFO - Retrying (1/10) 1 request(s)
2024-05-16 12:57:27,674 - prompts - INFO - Processing 12900 / 17056
2024-05-16 12:57:54,852 - prompts - INFO - Processing 13000 / 17056
2024-05-16 12:58:21,604 - prompts - INFO - Processing 13100 / 17056
2024-05-16 12:58:53,668 - prompts - INFO - Processing 13200 / 17056
2024-05-16 12:59:19,794 - prompts - INFO - Retrying (1/10) 2 request(s)
2024-05-16 12:59:23,109 - prompts - INFO - Processing 13300 / 17056
2024-05-16 12:59:50,686 - prompts - INFO - Processing 13400 / 17056
2024-05-16 13:00:15,522 - prompts - INFO - Processing 13500 / 17056
2024-05-16 13:00:41,673 - prompts - INFO - Retrying (1/10) 3 request(s)
2024-05-16 13:00:45,136 - prompts - INFO - Processing 13600 / 17056
2024-05-16 13:01:12,098 - prompts - INFO - Processing 13700 / 17056
2024-05-16 13:01:38,510 - prompts - INFO - Retrying (1/10) 1 request(s)
2024-05-16 13:01:42,116 - prompts - INFO - Processing 13800 / 17056
2024-05-16 13:02:03,357 - prompts - INFO - Processing 13900 / 17056
2024-05-16 13:02:23,218 - prompts - INFO - Processing 14000 / 17056
2024-05-16 13:02:41,696 - prompts - INFO - Processing 14100 / 17056
2024-05-16 13:03:02,152 - prompts - INFO - Processing 14200 / 17056
2024-05-16 13:03:21,229 - prompts - INFO - Processing 14300 / 17056
2024-05-16 13:03:43,392 - prompts - INFO - Retrying (1/10) 1 request(s)
2024-05-16 13:03:46,393 - prompts - INFO - Processing 14400 / 17056
2024-05-16 13:04:12,616 - prompts - INFO - Retrying (1/10) 1 request(s)
2024-05-16 13:04:15,589 - prompts - INFO - Processing 14500 / 17056
2024-05-16 13:04:40,576 - prompts - INFO - Processing 14600 / 17056
2024-05-16 13:05:03,993 - prompts - INFO - Processing 14700 / 17056
2024-05-16 13:05:28,438 - prompts - INFO - Retrying (1/10) 1 request(s)
2024-05-16 13:05:32,007 - prompts - INFO - Processing 14800 / 17056
2024-05-16 13:05:52,381 - prompts - INFO - Processing 14900 / 17056
2024-05-16 13:06:12,668 - prompts - INFO - Processing 15000 / 17056
2024-05-16 13:06:34,156 - prompts - INFO - Processing 15100 / 17056
2024-05-16 13:06:55,163 - prompts - INFO - Retrying (1/10) 1 request(s)
2024-05-16 13:06:57,666 - prompts - INFO - Processing 15200 / 17056
2024-05-16 13:07:19,215 - prompts - INFO - Processing 15300 / 17056
2024-05-16 13:07:40,484 - prompts - INFO - Processing 15400 / 17056
2024-05-16 13:07:59,292 - prompts - INFO - Processing 15500 / 17056
2024-05-16 13:08:19,501 - prompts - INFO - Processing 15600 / 17056
2024-05-16 13:08:39,704 - prompts - INFO - Processing 15700 / 17056
2024-05-16 13:09:02,381 - prompts - INFO - Retrying (1/10) 1 request(s)
2024-05-16 13:09:05,545 - prompts - INFO - Processing 15800 / 17056
2024-05-16 13:09:24,675 - prompts - INFO - Processing 15900 / 17056
2024-05-16 13:09:46,249 - prompts - INFO - Processing 16000 / 17056
2024-05-16 13:10:11,126 - prompts - INFO - Processing 16100 / 17056
2024-05-16 13:10:34,843 - prompts - INFO - Processing 16200 / 17056
2024-05-16 13:10:57,539 - prompts - INFO - Processing 16300 / 17056
2024-05-16 13:11:18,088 - prompts - INFO - Processing 16400 / 17056
2024-05-16 13:11:42,766 - prompts - INFO - Processing 16500 / 17056
2024-05-16 13:12:04,653 - prompts - INFO - Processing 16600 / 17056
2024-05-16 13:12:24,634 - prompts - INFO - Processing 16700 / 17056
2024-05-16 13:12:42,663 - prompts - INFO - Processing 16800 / 17056
2024-05-16 13:13:06,234 - prompts - INFO - Processing 16900 / 17056
2024-05-16 13:13:26,727 - prompts - INFO - Processing 17000 / 17056
2024-05-16 13:13:47,611 - prompts - INFO - Processing 17056 / 17056
2024-05-16 13:14:01,470 - prompts - INFO - Finished 'answers_validation' prompt template